[debug] [2024-02-22T18:39:38.047Z] ----------------------------------------------------------------------
[debug] [2024-02-22T18:39:38.048Z] Command:       /usr/local/bin/firebase /Users/syednaveedkhadri/.cache/firebase/tools/lib/node_modules/firebase-tools/lib/bin/firebase init
[debug] [2024-02-22T18:39:38.048Z] CLI Version:   11.1.0
[debug] [2024-02-22T18:39:38.049Z] Platform:      darwin
[debug] [2024-02-22T18:39:38.049Z] Node Version:  v16.15.0
[debug] [2024-02-22T18:39:38.057Z] Time:          Thu Feb 22 2024 21:39:38 GMT+0300 (Arabian Standard Time)
[debug] [2024-02-22T18:39:38.057Z] ----------------------------------------------------------------------
[debug] 
[debug] [2024-02-22T18:39:38.109Z] > command requires scopes: ["email","openid","https://www.googleapis.com/auth/cloudplatformprojects.readonly","https://www.googleapis.com/auth/firebase","https://www.googleapis.com/auth/cloud-platform"]
[debug] [2024-02-22T18:39:38.109Z] > authorizing via signed-in user (naveed@mobile2000.com)
[info] 
     ######## #### ########  ######## ########     ###     ######  ########
     ##        ##  ##     ## ##       ##     ##  ##   ##  ##       ##
     ######    ##  ########  ######   ########  #########  ######  ######
     ##        ##  ##    ##  ##       ##     ## ##     ##       ## ##
     ##       #### ##     ## ######## ########  ##     ##  ######  ########

You're about to initialize a Firebase project in this directory:

  /Users/syednaveedkhadri

Before we get started, keep in mind:

  * You are initializing within an existing Firebase project directory

[info] 
=== Project Setup
[info] 
[info] First, let's associate this project directory with a Firebase project.
[info] You can create multiple project aliases by running firebase use --add, 
[info] but for now we'll just set up a default project.
[info] 
[debug] [2024-02-22T18:39:42.822Z] Using project from CLI flag: hamoud-abo-adel
[debug] [2024-02-22T18:39:42.826Z] >>> [apiv2][query] GET https://firebase.googleapis.com/v1beta1/projects/hamoud-abo-adel [none]
[debug] [2024-02-22T18:39:43.330Z] <<< [apiv2][status] GET https://firebase.googleapis.com/v1beta1/projects/hamoud-abo-adel 200
[debug] [2024-02-22T18:39:43.331Z] <<< [apiv2][body] GET https://firebase.googleapis.com/v1beta1/projects/hamoud-abo-adel {"projectId":"hamoud-abo-adel","projectNumber":"289742980748","displayName":"Hamoud abo adel","name":"projects/hamoud-abo-adel","resources":{"hostingSite":"hamoud-abo-adel"},"state":"ACTIVE","etag":"1_0e80aace-063f-4708-863d-8f5d3c04153f"}
[info] i  Using project hamoud-abo-adel (Hamoud abo adel) 
[info] 
=== Hosting Setup
[info] 
[info] Your public directory is the folder (relative to your project directory) that
[info] will contain Hosting assets to be uploaded with firebase deploy. If you
[info] have a build process for your assets, use your build's output directory.
[info] 
[debug] [2024-02-22T18:40:47.827Z] >>> [apiv2][query] GET https://www.gstatic.com/firebasejs/releases.json [none]
[debug] [2024-02-22T18:40:48.077Z] <<< [apiv2][status] GET https://www.gstatic.com/firebasejs/releases.json 200
[debug] [2024-02-22T18:40:48.077Z] <<< [apiv2][body] GET https://www.gstatic.com/firebasejs/releases.json {"current":{"version":"10.8.0","browserURL":"https://www.gstatic.com/firebasejs/10.8.0/firebase.js","packageURL":"https://www.gstatic.com/firebasejs/10.8.0/firebase.tgz"},"live":{"version":"10.8","browserURL":"https://www.gstatic.com/firebasejs/live/10.8/firebase.js","packageURL":"https://www.gstatic.com/firebasejs/live/10.8/firebase.tgz"},"components":{"analytics":"https://www.gstatic.com/firebasejs/10.8.0/firebase-analytics.js","app":"https://www.gstatic.com/firebasejs/10.8.0/firebase-app.js","app-check":"https://www.gstatic.com/firebasejs/10.8.0/firebase-app-check.js","auth":"https://www.gstatic.com/firebasejs/10.8.0/firebase-auth.js","auth/cordova":"https://www.gstatic.com/firebasejs/10.8.0/firebase-auth/cordova.js","auth/web-extension":"https://www.gstatic.com/firebasejs/10.8.0/firebase-auth/web-extension.js","functions":"https://www.gstatic.com/firebasejs/10.8.0/firebase-functions.js","firestore":"https://www.gstatic.com/firebasejs/10.8.0/firebase-firestore.js","firestore/lite":"https://www.gstatic.com/firebasejs/10.8.0/firebase-firestore/lite.js","installations":"https://www.gstatic.com/firebasejs/10.8.0/firebase-installations.js","storage":"https://www.gstatic.com/firebasejs/10.8.0/firebase-storage.js","performance":"https://www.gstatic.com/firebasejs/10.8.0/firebase-performance.js","remote-config":"https://www.gstatic.com/firebasejs/10.8.0/firebase-remote-config.js","messaging":"https://www.gstatic.com/firebasejs/10.8.0/firebase-messaging.js","messaging/sw":"https://www.gstatic.com/firebasejs/10.8.0/firebase-messaging/sw.js","database":"https://www.gstatic.com/firebasejs/10.8.0/firebase-database.js","firestore.memory":"https://www.gstatic.com/firebasejs/10.8.0/firebase-firestore.memory.js"}}
[info] ✔  Wrote public/index.html 
[info] 
[info] i  Writing configuration info to firebase.json... 
[info] i  Writing project information to .firebaserc... 
[info] 
[info] ✔  Firebase initialization complete! 
